[23:20:58] [main/INFO] (FabricLoader/GameProvider) Loading Minecraft 1.19.4 with Fabric Loader 0.14.19
[23:20:58] [main/INFO] (FabricLoader) Loading 46 mods:
	- fabric-api 0.82.0+1.19.4
	- fabric-api-base 0.4.26+1e9487d2f4
	- fabric-api-lookup-api-v1 1.6.27+504944c8f4
	- fabric-biome-api-v1 13.0.8+348a9c64f4
	- fabric-block-api-v1 1.0.7+e022e5d1f4
	- fabric-blockrenderlayer-v1 1.1.36+c2e6f674f4
	- fabric-client-tags-api-v1 1.0.17+504944c8f4
	- fabric-command-api-v2 2.2.8+504944c8f4
	- fabric-content-registries-v0 3.5.11+ae0966baf4
	- fabric-convention-tags-v1 1.5.1+fe8721bef4
	- fabric-crash-report-info-v1 0.2.16+aeb40ebef4
	- fabric-data-generation-api-v1 11.4.2+504944c8f4
	- fabric-dimensions-v1 2.1.47+7f87f8faf4
	- fabric-entity-events-v1 1.5.15+504944c8f4
	- fabric-events-interaction-v0 0.5.1+76ba65ebf4
	- fabric-game-rule-api-v1 1.0.34+a1ccd7bff4
	- fabric-gametest-api-v1 1.2.6+ae0966baf4
	- fabric-item-api-v1 2.1.19+504944c8f4
	- fabric-item-group-api-v1 3.0.7+043f9acff4
	- fabric-key-binding-api-v1 1.0.34+504944c8f4
	- fabric-lifecycle-events-v1 2.2.17+1e9487d2f4
	- fabric-loot-api-v2 1.1.29+75e98211f4
	- fabric-message-api-v1 5.1.3+504944c8f4
	- fabric-mining-level-api-v1 2.1.41+49abcf7ef4
	- fabric-models-v0 0.3.32+504944c8f4
	- fabric-networking-api-v1 1.3.3+504944c8f4
	- fabric-object-builder-api-v1 7.0.5+504944c8f4
	- fabric-particles-v1 1.0.25+f1e4495bf4
	- fabric-recipe-api-v1 1.0.10+a1ccd7bff4
	- fabric-registry-sync-v0 2.2.2+504944c8f4
	- fabric-renderer-api-v1 2.3.0+52cca24ef4
	- fabric-renderer-indigo 1.3.0+52cca24ef4
	- fabric-rendering-data-attachment-v1 0.3.30+afca2f3ef4
	- fabric-rendering-fluids-v1 3.0.23+504944c8f4
	- fabric-rendering-v1 2.1.3+504944c8f4
	- fabric-resource-conditions-api-v1 2.3.2+e6c7d4eef4
	- fabric-resource-loader-v0 0.11.4+5ade3c38f4
	- fabric-screen-api-v1 1.0.47+3bd4ab0ff4
	- fabric-screen-handler-api-v1 1.3.22+504944c8f4
	- fabric-sound-api-v1 1.0.10+504944c8f4
	- fabric-transfer-api-v1 3.2.0+80d07a0af4
	- fabric-transitive-access-wideners-v1 3.1.1+b4a333d6f4
	- fabricloader 0.14.19
	- java 17
	- minecraft 1.19.4
	- unkomod 1.0-SNAPSHOT
[23:20:59] [main/INFO] (FabricLoader/Mixin) SpongePowered MIXIN Subsystem Version=0.8.5 Source=file:/C:/Users/PcUser/.gradle/caches/modules-2/files-2.1/net.fabricmc/sponge-mixin/0.12.4+mixin.0.8.5/e13b4069fe3555969811d4474f78576c707bbe1c/sponge-mixin-0.12.4+mixin.0.8.5.jar Service=Knot/Fabric Env=CLIENT
[23:20:59] [main/INFO] (FabricLoader/Mixin) Loaded Fabric development mappings for mixin remapper!
[23:20:59] [main/INFO] (FabricLoader/Mixin) Compatibility level set to JAVA_16
[23:20:59] [main/INFO] (FabricLoader/Mixin) Compatibility level set to JAVA_17
[23:21:03] [Datafixer Bootstrap/INFO] (Minecraft) 180 Datafixer optimizations took 116 milliseconds
[23:21:05] [Render thread/INFO] (Minecraft) Environment: authHost='https://authserver.mojang.com', accountsHost='https://api.mojang.com', sessionHost='https://sessionserver.mojang.com', servicesHost='https://api.minecraftservices.com', name='PROD'
[23:21:05] [Render thread/ERROR] (Minecraft) Failed to verify authentication
com.mojang.authlib.exceptions.InvalidCredentialsException: Status: 401
	at com.mojang.authlib.exceptions.MinecraftClientHttpException.toAuthenticationException(MinecraftClientHttpException.java:56) ~[authlib-3.18.38.jar:?]
	at com.mojang.authlib.yggdrasil.YggdrasilUserApiService.fetchProperties(YggdrasilUserApiService.java:156) ~[authlib-3.18.38.jar:?]
	at com.mojang.authlib.yggdrasil.YggdrasilUserApiService.<init>(YggdrasilUserApiService.java:55) ~[authlib-3.18.38.jar:?]
	at com.mojang.authlib.yggdrasil.YggdrasilAuthenticationService.createUserApiService(YggdrasilAuthenticationService.java:161) ~[authlib-3.18.38.jar:?]
	at net.minecraft.client.MinecraftClient.createUserApiService(MinecraftClient.java:732) ~[minecraft-merged-project-root-1.19.4-net.fabricmc.yarn.1_19_4.1.19.4+build.2-v2.jar:?]
	at net.minecraft.client.MinecraftClient.<init>(MinecraftClient.java:440) ~[minecraft-merged-project-root-1.19.4-net.fabricmc.yarn.1_19_4.1.19.4+build.2-v2.jar:?]
	at net.minecraft.client.main.Main.main(Main.java:198) ~[minecraft-merged-project-root-1.19.4-net.fabricmc.yarn.1_19_4.1.19.4+build.2-v2.jar:?]
	at net.fabricmc.loader.impl.game.minecraft.MinecraftGameProvider.launch(MinecraftGameProvider.java:462) ~[fabric-loader-0.14.19.jar:?]
	at net.fabricmc.loader.impl.launch.knot.Knot.launch(Knot.java:74) ~[fabric-loader-0.14.19.jar:?]
	at net.fabricmc.loader.impl.launch.knot.KnotClient.main(KnotClient.java:23) ~[fabric-loader-0.14.19.jar:?]
	at net.fabricmc.devlaunchinjector.Main.main(Main.java:86) ~[dev-launch-injector-0.2.1+build.8.jar:?]
Caused by: com.mojang.authlib.exceptions.MinecraftClientHttpException: Status: 401
	at com.mojang.authlib.minecraft.client.MinecraftClient.readInputStream(MinecraftClient.java:85) ~[authlib-3.18.38.jar:?]
	at com.mojang.authlib.minecraft.client.MinecraftClient.get(MinecraftClient.java:48) ~[authlib-3.18.38.jar:?]
	at com.mojang.authlib.yggdrasil.YggdrasilUserApiService.fetchProperties(YggdrasilUserApiService.java:129) ~[authlib-3.18.38.jar:?]
	... 9 more
[23:21:05] [Render thread/INFO] (Minecraft) Setting user: Player149
[23:21:06] [Render thread/INFO] (Indigo) [Indigo] Registering Indigo renderer!
[23:21:07] [Render thread/INFO] (Minecraft) Backend library: LWJGL version 3.3.1 SNAPSHOT
[23:21:09] [Render thread/INFO] (Minecraft) Reloading ResourceManager: vanilla, fabric (fabric-blockrenderlayer-v1, fabric-biome-api-v1, fabric-game-rule-api-v1, fabric-resource-loader-v0, fabric-renderer-indigo, fabric-recipe-api-v1, fabric-resource-conditions-api-v1, fabric-registry-sync-v0, fabricloader, fabric-lifecycle-events-v1, fabric-particles-v1, fabric-gametest-api-v1, fabric-sound-api-v1, fabric-api-base, fabric-message-api-v1, fabric-convention-tags-v1, fabric-models-v0, fabric-mining-level-api-v1, fabric-dimensions-v1, fabric-command-api-v2, fabric-block-api-v1, fabric-object-builder-api-v1, fabric-api-lookup-api-v1, fabric-client-tags-api-v1, fabric-screen-handler-api-v1, fabric-networking-api-v1, unkomod, fabric-rendering-fluids-v1, fabric-rendering-data-attachment-v1, fabric-events-interaction-v0, fabric-loot-api-v2, fabric-item-api-v1, fabric-item-group-api-v1, fabric-transfer-api-v1, fabric-api, fabric-content-registries-v0, fabric-renderer-api-v1, fabric-screen-api-v1, fabric-entity-events-v1, fabric-data-generation-api-v1, fabric-crash-report-info-v1, fabric-rendering-v1, fabric-key-binding-api-v1, fabric-transitive-access-wideners-v1)
[23:21:10] [Realms Notification Availability checker #1/INFO] (Minecraft) Could not authorize you against Realms server: Invalid session id
[23:21:12] [Worker-Main-5/WARN] (Minecraft) Unable to load model: 'unkomod:unko_hoe#inventory' referenced from: unkomod:unko_hoe#inventory: java.io.FileNotFoundException: unkomod:models/item/unko_hoe.json
[23:21:12] [Worker-Main-5/WARN] (Minecraft) Unable to load model: 'unkomod:unko_axe#inventory' referenced from: unkomod:unko_axe#inventory: java.io.FileNotFoundException: unkomod:models/item/unko_axe.json
[23:21:12] [Worker-Main-5/WARN] (Minecraft) Unable to load model: 'unkomod:unko_sword#inventory' referenced from: unkomod:unko_sword#inventory: java.io.FileNotFoundException: unkomod:models/item/unko_sword.json
[23:21:12] [Worker-Main-5/WARN] (Minecraft) Unable to load model: 'unkomod:unko_shovel#inventory' referenced from: unkomod:unko_shovel#inventory: java.io.FileNotFoundException: unkomod:models/item/unko_shovel.json
[23:21:12] [Worker-Main-5/WARN] (Minecraft) Unable to load model: 'unkomod:unko_pickaxe#inventory' referenced from: unkomod:unko_pickaxe#inventory: java.io.FileNotFoundException: unkomod:models/item/unko_pickaxe.json
[23:21:13] [Render thread/WARN] (Minecraft) Missing sound for event: minecraft:item.brush.brushing
[23:21:13] [Render thread/WARN] (Minecraft) Missing sound for event: minecraft:item.brush.brush_sand_completed
[23:21:13] [Render thread/WARN] (Minecraft) Missing sound for event: minecraft:item.goat_horn.play
[23:21:13] [Render thread/WARN] (Minecraft) Missing sound for event: minecraft:entity.goat.screaming.horn_break
[23:21:13] [Render thread/WARN] (Minecraft) Missing sound for event: minecraft:music.overworld.cherry_grove
[23:21:13] [Render thread/INFO] (Minecraft) OpenAL initialized on device OpenAL Soft on BenQ EX2510S (NVIDIA High Definition Audio)
[23:21:13] [Render thread/INFO] (Minecraft) Sound engine started
[23:21:13] [Render thread/INFO] (Minecraft) Created: 1024x512x4 minecraft:textures/atlas/blocks.png-atlas
[23:21:13] [Render thread/INFO] (Minecraft) Created: 256x256x4 minecraft:textures/atlas/signs.png-atlas
[23:21:13] [Render thread/INFO] (Minecraft) Created: 512x512x4 minecraft:textures/atlas/shield_patterns.png-atlas
[23:21:13] [Render thread/INFO] (Minecraft) Created: 512x512x4 minecraft:textures/atlas/banner_patterns.png-atlas
[23:21:13] [Render thread/INFO] (Minecraft) Created: 1024x1024x4 minecraft:textures/atlas/armor_trims.png-atlas
[23:21:13] [Render thread/INFO] (Minecraft) Created: 64x64x4 minecraft:textures/atlas/decorated_pot.png-atlas
[23:21:13] [Render thread/INFO] (Minecraft) Created: 256x256x4 minecraft:textures/atlas/chest.png-atlas
[23:21:13] [Render thread/INFO] (Minecraft) Created: 512x256x4 minecraft:textures/atlas/shulker_boxes.png-atlas
[23:21:13] [Render thread/INFO] (Minecraft) Created: 512x256x4 minecraft:textures/atlas/beds.png-atlas
[23:21:13] [Render thread/WARN] (Minecraft) Shader rendertype_entity_translucent_emissive could not find sampler named Sampler2 in the specified shader program.
[23:21:13] [Render thread/INFO] (Minecraft) Created: 256x256x0 minecraft:textures/atlas/particles.png-atlas
[23:21:13] [Render thread/INFO] (Minecraft) Created: 256x256x0 minecraft:textures/atlas/paintings.png-atlas
[23:21:13] [Render thread/INFO] (Minecraft) Created: 128x128x0 minecraft:textures/atlas/mob_effects.png-atlas
[23:21:20] [Render thread/INFO] (Minecraft) Loaded 7 recipes
[23:21:20] [Render thread/INFO] (Minecraft) Loaded 1179 advancements
[23:21:20] [Render thread/INFO] (BiomeModificationImpl) Applied 0 biome modifications to 0 of 63 new biomes in 1.155 ms
[23:21:20] [Server thread/INFO] (Minecraft) Starting integrated minecraft server version 1.19.4
[23:21:20] [Server thread/INFO] (Minecraft) Generating keypair
[23:21:21] [Server thread/INFO] (Minecraft) Preparing start region for dimension minecraft:overworld
[23:21:23] [Render thread/INFO] (Minecraft) スポーン地点を準備中：0%
[23:21:23] [Render thread/INFO] (Minecraft) スポーン地点を準備中：0%
[23:21:23] [Render thread/INFO] (Minecraft) スポーン地点を準備中：0%
[23:21:23] [Render thread/INFO] (Minecraft) スポーン地点を準備中：0%
[23:21:23] [Render thread/INFO] (Minecraft) スポーン地点を準備中：32%
[23:21:23] [Render thread/INFO] (Minecraft) Time elapsed: 2300 ms
[23:21:23] [Server thread/INFO] (Minecraft) Changing view distance to 12, from 10
[23:21:23] [Server thread/INFO] (Minecraft) Changing simulation distance to 12, from 0
[23:21:24] [Server thread/INFO] (Minecraft) Player149[local:E:0a8ad91d] logged in with entity id 199 at (-72.4561483482125, 97.85974726415111, 78.91239961064784)
[23:21:24] [Server thread/INFO] (Minecraft) Player149がゲームに参加しました
[23:21:25] [Render thread/INFO] (Minecraft) Loaded 2 advancements
[23:21:25] [Server thread/INFO] (Minecraft) Saving and pausing game...
[23:21:25] [Server thread/INFO] (Minecraft) Saving chunks for level 'ServerLevel[新規ワールド]'/minecraft:overworld
[23:21:26] [Server thread/INFO] (Minecraft) Saving chunks for level 'ServerLevel[新規ワールド]'/minecraft:the_nether
[23:21:26] [Server thread/INFO] (Minecraft) Saving chunks for level 'ServerLevel[新規ワールド]'/minecraft:the_end
[23:22:21] [Server thread/INFO] (Minecraft) ［Player149：時刻を1000に設定しました］
[23:22:21] [Render thread/INFO] (Minecraft) [System] [CHAT] 時刻を1000に設定しました
[23:22:43] [Server thread/INFO] (Minecraft) Player149が進捗[モンスターハンター]を達成しました
[23:22:43] [Render thread/INFO] (Minecraft) [System] [CHAT] Player149が進捗[モンスターハンター]を達成しました
[23:22:43] [Render thread/INFO] (Minecraft) Loaded 28 advancements
[23:22:44] [Render thread/INFO] (Minecraft) Loaded 29 advancements
[23:23:02] [Render thread/INFO] (Minecraft) Loaded 29 advancements
[23:23:12] [Render thread/INFO] (Minecraft) Loaded 29 advancements
[23:23:50] [Server thread/INFO] (Minecraft) ［Player149：ゲームモードをサバイバルモードに変更しました］
[23:23:50] [Render thread/INFO] (Minecraft) [System] [CHAT] ゲームモードをサバイバルモードに変更しました
[23:23:52] [Server thread/INFO] (Minecraft) Player149が進捗[石器時代]を達成しました
[23:23:52] [Render thread/INFO] (Minecraft) [System] [CHAT] Player149が進捗[石器時代]を達成しました
[23:23:52] [Render thread/INFO] (Minecraft) Loaded 60 advancements
[23:24:05] [Server thread/INFO] (Minecraft) ［Player149：Player149の持っているアイテムに効率強化 Vのエンチャントを適用しました］
[23:24:05] [Render thread/INFO] (Minecraft) [System] [CHAT] Player149の持っているアイテムに効率強化 Vのエンチャントを適用しました
[23:24:43] [Server thread/INFO] (Minecraft) ［Player149：ゲームモードをクリエイティブモードに変更しました］
[23:24:43] [Render thread/INFO] (Minecraft) [System] [CHAT] ゲームモードをクリエイティブモードに変更しました
[23:24:59] [Render thread/INFO] (Minecraft) [System] [CHAT] ［デバッグ］： チャンクの境界：表示
[23:25:01] [Render thread/INFO] (Minecraft) [System] [CHAT] ［デバッグ］： チャンクの境界：非表示
[23:25:02] [Render thread/INFO] (Minecraft) [System] [CHAT] ［デバッグ］： 高度な情報：表示
[23:25:26] [Server thread/INFO] (Minecraft) ［Player149：ゲームモードをサバイバルモードに変更しました］
[23:25:26] [Render thread/INFO] (Minecraft) [System] [CHAT] ゲームモードをサバイバルモードに変更しました
[23:25:28] [Render thread/INFO] (Minecraft) Loaded 68 advancements
[23:25:31] [Server thread/INFO] (Minecraft) ［Player149：ゲームモードをクリエイティブモードに変更しました］
[23:25:31] [Render thread/INFO] (Minecraft) [System] [CHAT] ゲームモードをクリエイティブモードに変更しました
[23:25:36] [Server thread/INFO] (Minecraft) Saving and pausing game...
[23:25:36] [Server thread/INFO] (Minecraft) Saving chunks for level 'ServerLevel[新規ワールド]'/minecraft:overworld
[23:25:36] [Server thread/INFO] (Minecraft) Saving chunks for level 'ServerLevel[新規ワールド]'/minecraft:the_nether
[23:25:36] [Server thread/INFO] (Minecraft) Saving chunks for level 'ServerLevel[新規ワールド]'/minecraft:the_end
[23:25:38] [Server thread/INFO] (Minecraft) Player149 lost connection: 切断されました
[23:25:38] [Server thread/INFO] (Minecraft) Player149がゲームを退出しました
[23:25:38] [Server thread/INFO] (Minecraft) Stopping singleplayer server as player logged out
[23:25:38] [Server thread/INFO] (Minecraft) Stopping server
[23:25:38] [Server thread/INFO] (Minecraft) Saving players
[23:25:38] [Server thread/INFO] (Minecraft) Saving worlds
[23:25:39] [Server thread/INFO] (Minecraft) Saving chunks for level 'ServerLevel[新規ワールド]'/minecraft:overworld
[23:25:39] [Server thread/INFO] (Minecraft) Saving chunks for level 'ServerLevel[新規ワールド]'/minecraft:the_nether
[23:25:39] [Server thread/INFO] (Minecraft) Saving chunks for level 'ServerLevel[新規ワールド]'/minecraft:the_end
[23:25:39] [Server thread/INFO] (Minecraft) ThreadedAnvilChunkStorage (新規ワールド): All chunks are saved
[23:25:39] [Server thread/INFO] (Minecraft) ThreadedAnvilChunkStorage (DIM-1): All chunks are saved
[23:25:39] [Server thread/INFO] (Minecraft) ThreadedAnvilChunkStorage (DIM1): All chunks are saved
[23:25:39] [Server thread/INFO] (Minecraft) ThreadedAnvilChunkStorage: All dimensions are saved
[23:25:42] [Render thread/INFO] (Minecraft) Stopping!
